[2024-04-25 00:02:08] INFO root fetch - main [MainThread]: Get Changelog since Serial: [22920937]
[2024-04-25 00:02:13] INFO root fetch - main [MainThread]: Found 12 changed packages
[2024-04-25 00:02:13] INFO root fetch - processPackages [ThreadPoolExecutor-0_0]: Start processing: py-infraflow-cdk
[2024-04-25 00:02:13] INFO root fetch - processPackages [ThreadPoolExecutor-0_1]: Start processing: primemetric
[2024-04-25 00:02:13] INFO root fetch - processPackages [ThreadPoolExecutor-0_2]: Start processing: windmill-api
[2024-04-25 00:02:13] INFO root fetch - processPackages [ThreadPoolExecutor-0_3]: Start processing: beaker-gantry
[2024-04-25 00:02:13] INFO root fetch - processPackages [ThreadPoolExecutor-0_4]: Start processing: wmill
[2024-04-25 00:02:13] INFO root fetch - processPackages [ThreadPoolExecutor-0_5]: Start processing: prophet-tools
[2024-04-25 00:02:13] INFO root fetch - processPackages [ThreadPoolExecutor-0_6]: Start processing: wmill-pg
[2024-04-25 00:02:13] INFO root fetch - processPackages [ThreadPoolExecutor-0_7]: Start processing: pybunch
[2024-04-25 00:02:13] INFO root fetch - processPackages [ThreadPoolExecutor-0_8]: Start processing: poplar-apcheques
[2024-04-25 00:02:13] INFO root fetch - processPackages [ThreadPoolExecutor-0_9]: Start processing: caustic.parser
[2024-04-25 00:02:14] INFO root fetch - processPackages [prophet-tools]: New version: [0.9] Old Version: [0.8]
[2024-04-25 00:02:14] INFO root fetch - processPackages [py-infraflow-cdk]: New version: [0.1.9.8.9.5] Old Version: [0.1.9.8.9.4]
[2024-04-25 00:02:14] INFO root fetch - processPackages [windmill-api]: New version: [1.99.0] Old Version: [1.98.0]
[2024-04-25 00:02:14] INFO root fetch - processPackages [wmill-pg]: New version: [1.99.0] Old Version: [1.98.0]
[2024-04-25 00:02:14] INFO root fetch - processPackages [wmill]: New version: [1.99.0] Old Version: [1.98.0]
[2024-04-25 00:02:14] INFO root fetch - processPackages [beaker-gantry]: New version: [0.9.4] Old Version: [0.9.3]
[2024-04-25 00:02:14] INFO root fetch - processPackages [prophet-tools]: Downloading https://files.pythonhosted.org/packages/e3/0e/4c2394330494bead23143fd86d4586ca7b2c7f646022baa22b94e159d0e2/prophet_tools-0.8.tar.gz
[2024-04-25 00:02:14] WARNING root fetch - processPackages [poplar-apcheques]: Skipping, unable to determine old version
[2024-04-25 00:02:14] INFO root fetch - processPackages [poplar-apcheques]: Start processing: sqlutilpy
[2024-04-25 00:02:14] INFO root fetch - main [MainThread]: End processing [poplar-apcheques] error
[2024-04-25 00:02:14] WARNING root fetch - processPackages [primemetric]: Skipping, unable to determine old version
[2024-04-25 00:02:14] INFO root fetch - processPackages [primemetric]: Start processing: boutpp-nightly
[2024-04-25 00:02:14] INFO root fetch - main [MainThread]: End processing [primemetric] error
[2024-04-25 00:02:14] INFO root fetch - processPackages [caustic.parser]: New version: [2.1.0] Old Version: [2.0.0]
[2024-04-25 00:02:14] INFO root fetch - processPackages [pybunch]: New version: [1.0.9] Old Version: [1.0.8]
[2024-04-25 00:02:14] INFO root fetch - processPackages [windmill-api]: Downloading https://files.pythonhosted.org/packages/bd/de/5d29ca258adee967295dbf926ab306c480527c234336f0725d4c2bc1d718/windmill_api-1.98.0.tar.gz
[2024-04-25 00:02:14] INFO root fetch - processPackages [py-infraflow-cdk]: Downloading https://files.pythonhosted.org/packages/e1/7d/ca971e52f0a06ca1bcbec7427cf07ab8163f0c62aababebbb377c87cc3f5/py_infraflow_cdk-0.1.9.8.9.4.tar.gz
[2024-04-25 00:02:14] INFO root fetch - processPackages [sqlutilpy]: New version: [0.22.0] Old Version: [0.21.0]
[2024-04-25 00:02:14] INFO root fetch - processPackages [wmill-pg]: Downloading https://files.pythonhosted.org/packages/a1/22/f7655b5ea090afc59651b874c61bf7bea4694e3fa9720a46058fa34c71ef/wmill_pg-1.98.0.tar.gz
[2024-04-25 00:02:14] INFO root fetch - processPackages [boutpp-nightly]: New version: [5.2.0.dev7] Old Version: [5.2.0.dev69]
[2024-04-25 00:02:14] INFO root fetch - processPackages [wmill]: Downloading https://files.pythonhosted.org/packages/6d/91/6b6052c80b8d367e051cc2905d1d921bf9a11f63e27a0f802b5c1277aa20/wmill-1.98.0.tar.gz
[2024-04-25 00:02:14] INFO root fetch - processPackages [boutpp-nightly]: Downloading https://files.pythonhosted.org/packages/b6/ea/2a162abd76e6ed4b274a9ee1770ffc189035f95b7523a3da63c33a57d157/boutpp-nightly-v5.2.0.dev69.tar.gz
[2024-04-25 00:02:14] INFO root fetch - processPackages [beaker-gantry]: Downloading https://files.pythonhosted.org/packages/2c/2e/e4a69215b05a72bda79c6c66250cacbe2e4b10c5e7f917671acea4b1c38a/beaker-gantry-0.9.3.tar.gz
[2024-04-25 00:02:14] INFO root fetch - processPackages [caustic.parser]: Downloading https://files.pythonhosted.org/packages/c9/04/e10a57b23630bb453a4259cd7d0a421566e0187d12993bf5c017b4097e31/caustic.parser-2.0.0.tar.gz
[2024-04-25 00:02:14] INFO root fetch - processPackages [prophet-tools]: Downloading https://files.pythonhosted.org/packages/9a/64/c314ce227f8e5c958f6ef74b5ebe7cbfcc1ff4126ab645fea07e204757a7/prophet_tools-0.9.tar.gz
[2024-04-25 00:02:14] WARNING root fetch - processPackages [boutpp-nightly]: Skipping package: exceeds size limit 17920509>=10485760
[2024-04-25 00:02:14] INFO root fetch - main [MainThread]: End processing [boutpp-nightly] error
[2024-04-25 00:02:14] INFO root fetch - processPackages [pybunch]: Downloading https://files.pythonhosted.org/packages/9f/4d/d8467f26bb1a59cf0a4536dd3d787df5754ea90b590e2b263aa4dd96978c/pybunch-1.0.8.tar.gz
[2024-04-25 00:02:14] INFO root fetch - processPackages [windmill-api]: Downloading https://files.pythonhosted.org/packages/32/94/9431b41ce6b9c2670fbc125624f7ebc3d186482c80c271e3d7acde511319/windmill_api-1.99.0.tar.gz
[2024-04-25 00:02:14] INFO root fetch - processPackages [sqlutilpy]: Downloading https://files.pythonhosted.org/packages/29/22/458e40ab0940f0464fc18515d4f090b173e75b534bb78fa0cf4986d03a7e/sqlutilpy-0.21.0.tar.gz
[2024-04-25 00:02:14] INFO root fetch - processPackages [wmill-pg]: Downloading https://files.pythonhosted.org/packages/26/ac/296bc5f7193d111c826ef99b60bf75fe1605158a73d728a5fad8aa771331/wmill_pg-1.99.0.tar.gz
[2024-04-25 00:02:14] INFO root fetch - processPackages [prophet-tools]: executing diffoscope
[2024-04-25 00:02:14] INFO root fetch - processPackages [prophet-tools]: podman run --user 0:0 --rm -w /home/abi/fetcher -v /home/abi/fetcher/tmp:/home/abi/fetcher/tmp:ro -v /home/abi/fetcher/20240425:/home/abi/fetcher/20240425:rw registry.salsa.debian.org/reproducible-builds/diffoscope --no-progress tmp/prophet_tools-0.8.tar.gz tmp/prophet_tools-0.9.tar.gz --markdown 20240425/p/prophet-tools/0.8-0.9/README.md --exclude *.pyd
[2024-04-25 00:02:14] INFO root fetch - processPackages [py-infraflow-cdk]: Downloading https://files.pythonhosted.org/packages/dc/1e/7602007acfe5fe368f6c6d51a4cad4ba68ff8caee2c47b33df906c8c3d55/py_infraflow_cdk-0.1.9.8.9.5.tar.gz
[2024-04-25 00:02:14] INFO root fetch - processPackages [wmill]: Downloading https://files.pythonhosted.org/packages/f1/d1/eb5b4c7d25f969fc3603441c8e90a5a8e00688be43ce0631166287977a65/wmill-1.99.0.tar.gz
[2024-04-25 00:02:14] INFO root fetch - processPackages [wmill-pg]: executing diffoscope
[2024-04-25 00:02:14] INFO root fetch - processPackages [wmill-pg]: podman run --user 0:0 --rm -w /home/abi/fetcher -v /home/abi/fetcher/tmp:/home/abi/fetcher/tmp:ro -v /home/abi/fetcher/20240425:/home/abi/fetcher/20240425:rw registry.salsa.debian.org/reproducible-builds/diffoscope --no-progress tmp/wmill_pg-1.98.0.tar.gz tmp/wmill_pg-1.99.0.tar.gz --markdown 20240425/w/wmill-pg/1.98.0-1.99.0/README.md --exclude *.pyd
[2024-04-25 00:02:14] INFO root fetch - processPackages [windmill-api]: executing diffoscope
[2024-04-25 00:02:14] INFO root fetch - processPackages [windmill-api]: podman run --user 0:0 --rm -w /home/abi/fetcher -v /home/abi/fetcher/tmp:/home/abi/fetcher/tmp:ro -v /home/abi/fetcher/20240425:/home/abi/fetcher/20240425:rw registry.salsa.debian.org/reproducible-builds/diffoscope --no-progress tmp/windmill_api-1.98.0.tar.gz tmp/windmill_api-1.99.0.tar.gz --markdown 20240425/w/windmill-api/1.98.0-1.99.0/README.md --exclude *.pyd
[2024-04-25 00:02:14] INFO root fetch - processPackages [wmill]: executing diffoscope
[2024-04-25 00:02:14] INFO root fetch - processPackages [wmill]: podman run --user 0:0 --rm -w /home/abi/fetcher -v /home/abi/fetcher/tmp:/home/abi/fetcher/tmp:ro -v /home/abi/fetcher/20240425:/home/abi/fetcher/20240425:rw registry.salsa.debian.org/reproducible-builds/diffoscope --no-progress tmp/wmill-1.98.0.tar.gz tmp/wmill-1.99.0.tar.gz --markdown 20240425/w/wmill/1.98.0-1.99.0/README.md --exclude *.pyd
[2024-04-25 00:02:14] INFO root fetch - processPackages [py-infraflow-cdk]: executing diffoscope
[2024-04-25 00:02:14] INFO root fetch - processPackages [py-infraflow-cdk]: podman run --user 0:0 --rm -w /home/abi/fetcher -v /home/abi/fetcher/tmp:/home/abi/fetcher/tmp:ro -v /home/abi/fetcher/20240425:/home/abi/fetcher/20240425:rw registry.salsa.debian.org/reproducible-builds/diffoscope --no-progress tmp/py_infraflow_cdk-0.1.9.8.9.4.tar.gz tmp/py_infraflow_cdk-0.1.9.8.9.5.tar.gz --markdown 20240425/p/py-infraflow-cdk/0.1.9.8.9.4-0.1.9.8.9.5/README.md --exclude *.pyd
[2024-04-25 00:02:14] INFO root fetch - processPackages [caustic.parser]: Downloading https://files.pythonhosted.org/packages/37/1f/1018dcd018667d80222ae14c6ae72f92e5fcae982393f2638f0e4787361f/caustic.parser-2.1.0.tar.gz
[2024-04-25 00:02:14] INFO root fetch - processPackages [sqlutilpy]: Downloading https://files.pythonhosted.org/packages/6a/11/d23a3cf96fc306ccf8b463e0c652d3eec13e29f34b31ccaac867146dfbb6/sqlutilpy-0.22.0.tar.gz
[2024-04-25 00:02:14] INFO root fetch - processPackages [pybunch]: Downloading https://files.pythonhosted.org/packages/f2/5d/c7ff16c5a81312e4d3c036afbe76b917bd7afad965ca06e3279374dca049/pybunch-1.0.9.tar.gz
[2024-04-25 00:02:14] INFO root fetch - processPackages [caustic.parser]: executing diffoscope
[2024-04-25 00:02:14] INFO root fetch - processPackages [caustic.parser]: podman run --user 0:0 --rm -w /home/abi/fetcher -v /home/abi/fetcher/tmp:/home/abi/fetcher/tmp:ro -v /home/abi/fetcher/20240425:/home/abi/fetcher/20240425:rw registry.salsa.debian.org/reproducible-builds/diffoscope --no-progress tmp/caustic.parser-2.0.0.tar.gz tmp/caustic.parser-2.1.0.tar.gz --markdown 20240425/c/caustic.parser/2.0.0-2.1.0/README.md --exclude *.pyd
[2024-04-25 00:02:15] INFO root fetch - processPackages [sqlutilpy]: executing diffoscope
[2024-04-25 00:02:15] INFO root fetch - processPackages [sqlutilpy]: podman run --user 0:0 --rm -w /home/abi/fetcher -v /home/abi/fetcher/tmp:/home/abi/fetcher/tmp:ro -v /home/abi/fetcher/20240425:/home/abi/fetcher/20240425:rw registry.salsa.debian.org/reproducible-builds/diffoscope --no-progress tmp/sqlutilpy-0.21.0.tar.gz tmp/sqlutilpy-0.22.0.tar.gz --markdown 20240425/s/sqlutilpy/0.21.0-0.22.0/README.md --exclude *.pyd
[2024-04-25 00:02:15] INFO root fetch - processPackages [pybunch]: executing diffoscope
[2024-04-25 00:02:15] INFO root fetch - processPackages [pybunch]: podman run --user 0:0 --rm -w /home/abi/fetcher -v /home/abi/fetcher/tmp:/home/abi/fetcher/tmp:ro -v /home/abi/fetcher/20240425:/home/abi/fetcher/20240425:rw registry.salsa.debian.org/reproducible-builds/diffoscope --no-progress tmp/pybunch-1.0.8.tar.gz tmp/pybunch-1.0.9.tar.gz --markdown 20240425/p/pybunch/1.0.8-1.0.9/README.md --exclude *.pyd
[2024-04-25 00:02:15] INFO root fetch - processPackages [beaker-gantry]: Downloading https://files.pythonhosted.org/packages/98/d4/73220f62818889dca63f9eccf13dad524c84f95f34a1a50b4198270a0cdc/beaker-gantry-0.9.4.tar.gz
[2024-04-25 00:02:15] INFO root fetch - processPackages [beaker-gantry]: executing diffoscope
[2024-04-25 00:02:15] INFO root fetch - processPackages [beaker-gantry]: podman run --user 0:0 --rm -w /home/abi/fetcher -v /home/abi/fetcher/tmp:/home/abi/fetcher/tmp:ro -v /home/abi/fetcher/20240425:/home/abi/fetcher/20240425:rw registry.salsa.debian.org/reproducible-builds/diffoscope --no-progress tmp/beaker-gantry-0.9.3.tar.gz tmp/beaker-gantry-0.9.4.tar.gz --markdown 20240425/b/beaker-gantry/0.9.3-0.9.4/README.md --exclude *.pyd
[2024-04-25 00:02:15] INFO root fetch - processPackages [prophet-tools]: Remove: archive file [/home/abi/fetcher/tmp/prophet_tools-0.8.tar.gz]
[2024-04-25 00:02:15] INFO root fetch - processPackages [prophet-tools]: Remove: archive file [/home/abi/fetcher/tmp/prophet_tools-0.9.tar.gz]
[2024-04-25 00:02:15] INFO root fetch - main [MainThread]: End processing [prophet-tools]: success
[2024-04-25 00:02:16] INFO root fetch - processPackages [wmill]: Remove: archive file [/home/abi/fetcher/tmp/wmill-1.98.0.tar.gz]
[2024-04-25 00:02:16] INFO root fetch - processPackages [wmill]: Remove: archive file [/home/abi/fetcher/tmp/wmill-1.99.0.tar.gz]
[2024-04-25 00:02:16] INFO root fetch - processPackages [wmill-pg]: Remove: archive file [/home/abi/fetcher/tmp/wmill_pg-1.98.0.tar.gz]
[2024-04-25 00:02:16] INFO root fetch - processPackages [wmill-pg]: Remove: archive file [/home/abi/fetcher/tmp/wmill_pg-1.99.0.tar.gz]
[2024-04-25 00:02:16] INFO root fetch - main [MainThread]: End processing [wmill]: success
[2024-04-25 00:02:16] INFO root fetch - main [MainThread]: End processing [wmill-pg]: success
[2024-04-25 00:02:16] INFO root fetch - processPackages [py-infraflow-cdk]: Remove: archive file [/home/abi/fetcher/tmp/py_infraflow_cdk-0.1.9.8.9.4.tar.gz]
[2024-04-25 00:02:16] INFO root fetch - processPackages [py-infraflow-cdk]: Remove: archive file [/home/abi/fetcher/tmp/py_infraflow_cdk-0.1.9.8.9.5.tar.gz]
[2024-04-25 00:02:16] INFO root fetch - main [MainThread]: End processing [py-infraflow-cdk]: success
[2024-04-25 00:02:16] INFO root fetch - processPackages [caustic.parser]: Remove: archive file [/home/abi/fetcher/tmp/caustic.parser-2.0.0.tar.gz]
[2024-04-25 00:02:16] INFO root fetch - processPackages [caustic.parser]: Remove: archive file [/home/abi/fetcher/tmp/caustic.parser-2.1.0.tar.gz]
[2024-04-25 00:02:16] INFO root fetch - main [MainThread]: End processing [caustic.parser]: success
[2024-04-25 00:02:16] INFO root fetch - processPackages [sqlutilpy]: Remove: archive file [/home/abi/fetcher/tmp/sqlutilpy-0.21.0.tar.gz]
[2024-04-25 00:02:16] INFO root fetch - processPackages [sqlutilpy]: Remove: archive file [/home/abi/fetcher/tmp/sqlutilpy-0.22.0.tar.gz]
[2024-04-25 00:02:16] INFO root fetch - main [MainThread]: End processing [sqlutilpy]: success
[2024-04-25 00:02:16] INFO root fetch - processPackages [pybunch]: Remove: archive file [/home/abi/fetcher/tmp/pybunch-1.0.8.tar.gz]
[2024-04-25 00:02:16] INFO root fetch - processPackages [pybunch]: Remove: archive file [/home/abi/fetcher/tmp/pybunch-1.0.9.tar.gz]
[2024-04-25 00:02:16] INFO root fetch - main [MainThread]: End processing [pybunch]: success
[2024-04-25 00:02:16] INFO root fetch - processPackages [beaker-gantry]: Remove: archive file [/home/abi/fetcher/tmp/beaker-gantry-0.9.3.tar.gz]
[2024-04-25 00:02:16] INFO root fetch - processPackages [beaker-gantry]: Remove: archive file [/home/abi/fetcher/tmp/beaker-gantry-0.9.4.tar.gz]
[2024-04-25 00:02:16] INFO root fetch - main [MainThread]: End processing [beaker-gantry]: success
[2024-04-25 00:02:20] INFO root fetch - processPackages [windmill-api]: Remove: archive file [/home/abi/fetcher/tmp/windmill_api-1.98.0.tar.gz]
[2024-04-25 00:02:20] INFO root fetch - processPackages [windmill-api]: Remove: archive file [/home/abi/fetcher/tmp/windmill_api-1.99.0.tar.gz]
[2024-04-25 00:02:20] INFO root fetch - main [MainThread]: End processing [windmill-api]: success
[2024-04-25 00:02:20] INFO root fetch - main [MainThread]: Store serial: [22920973]
[2024-04-25 00:04:24] INFO root fetch - main [MainThread]: Get Changelog since Serial: [22920973]
[2024-04-25 00:04:29] INFO root fetch - main [MainThread]: Found 4 changed packages
[2024-04-25 00:04:29] INFO root fetch - processPackages [ThreadPoolExecutor-0_0]: Start processing: limelightlib-python
[2024-04-25 00:04:29] INFO root fetch - processPackages [ThreadPoolExecutor-0_1]: Start processing: pve-cli
[2024-04-25 00:04:29] INFO root fetch - processPackages [ThreadPoolExecutor-0_2]: Start processing: prophet-tools
[2024-04-25 00:04:29] INFO root fetch - processPackages [ThreadPoolExecutor-0_3]: Start processing: modgeosys-graph-algorithms
[2024-04-25 00:04:29] INFO root fetch - processPackages [modgeosys-graph-algorithms]: New version: [0.3.1] Old Version: [0.3.0]
[2024-04-25 00:04:29] INFO root fetch - processPackages [modgeosys-graph-algorithms]: Downloading https://files.pythonhosted.org/packages/f2/e4/5ff2002f5fb9faaede1ccb547ae39310215dcf90ca2d05344e3e955d864f/modgeosys_graph_algorithms-0.3.0.tar.gz
[2024-04-25 00:04:29] INFO root fetch - processPackages [prophet-tools]: New version: [0.92] Old Version: [0.91]
[2024-04-25 00:04:29] INFO root fetch - processPackages [limelightlib-python]: New version: [0.9.3] Old Version: [0.9.1]
[2024-04-25 00:04:29] INFO root fetch - processPackages [pve-cli]: New version: [0.5.1] Old Version: [0.5.0]
[2024-04-25 00:04:29] INFO root fetch - processPackages [prophet-tools]: Downloading https://files.pythonhosted.org/packages/89/b5/1fc71293646fb58d548ba563bd50dc1ff967f8949c5e1c8d33dbdaae04ec/prophet_tools-0.91.tar.gz
[2024-04-25 00:04:29] INFO root fetch - processPackages [limelightlib-python]: Downloading https://files.pythonhosted.org/packages/a1/c4/914ff99a9c5f6ebc7755c2b29a6c6e50397696f464e742f050005c4e2eeb/limelightlib-python-0.9.1.tar.gz
[2024-04-25 00:04:29] INFO root fetch - processPackages [pve-cli]: Downloading https://files.pythonhosted.org/packages/c6/31/0135ae6af50e0a08203a5eacff38f6100e67be706e98d4eaa526de5f9d84/pve_cli-0.5.0.tar.gz
[2024-04-25 00:04:29] INFO root fetch - processPackages [modgeosys-graph-algorithms]: Downloading https://files.pythonhosted.org/packages/58/84/62154bb3e4a4ec4dec74d9c0f14e883485268b7f1fb352be0213ca925d4a/modgeosys_graph_algorithms-0.3.1.tar.gz
[2024-04-25 00:04:29] INFO root fetch - processPackages [modgeosys-graph-algorithms]: executing diffoscope
[2024-04-25 00:04:29] INFO root fetch - processPackages [modgeosys-graph-algorithms]: podman run --user 0:0 --rm -w /home/abi/fetcher -v /home/abi/fetcher/tmp:/home/abi/fetcher/tmp:ro -v /home/abi/fetcher/20240425:/home/abi/fetcher/20240425:rw registry.salsa.debian.org/reproducible-builds/diffoscope --no-progress tmp/modgeosys_graph_algorithms-0.3.0.tar.gz tmp/modgeosys_graph_algorithms-0.3.1.tar.gz --markdown 20240425/m/modgeosys-graph-algorithms/0.3.0-0.3.1/README.md --exclude *.pyd
[2024-04-25 00:04:29] INFO root fetch - processPackages [prophet-tools]: Downloading https://files.pythonhosted.org/packages/e6/de/84010c57eb29c1239c271e428a2b590aa687929d720259de0edd6b86f2b3/prophet_tools-0.92.tar.gz
[2024-04-25 00:04:29] INFO root fetch - processPackages [limelightlib-python]: Downloading https://files.pythonhosted.org/packages/37/71/171624429686be186f35205808082466e0c445549886cf9d6fa0b1c0d896/limelightlib_python-0.9.3.tar.gz
[2024-04-25 00:04:29] INFO root fetch - processPackages [pve-cli]: Downloading https://files.pythonhosted.org/packages/37/16/c3c63e075663fd8d60d84a9cd7616a05627be3b7fc4e20009f87254e2eff/pve_cli-0.5.1.tar.gz
[2024-04-25 00:04:29] INFO root fetch - processPackages [prophet-tools]: executing diffoscope
[2024-04-25 00:04:29] INFO root fetch - processPackages [prophet-tools]: podman run --user 0:0 --rm -w /home/abi/fetcher -v /home/abi/fetcher/tmp:/home/abi/fetcher/tmp:ro -v /home/abi/fetcher/20240425:/home/abi/fetcher/20240425:rw registry.salsa.debian.org/reproducible-builds/diffoscope --no-progress tmp/prophet_tools-0.91.tar.gz tmp/prophet_tools-0.92.tar.gz --markdown 20240425/p/prophet-tools/0.91-0.92/README.md --exclude *.pyd
[2024-04-25 00:04:30] INFO root fetch - processPackages [pve-cli]: executing diffoscope
[2024-04-25 00:04:30] INFO root fetch - processPackages [pve-cli]: podman run --user 0:0 --rm -w /home/abi/fetcher -v /home/abi/fetcher/tmp:/home/abi/fetcher/tmp:ro -v /home/abi/fetcher/20240425:/home/abi/fetcher/20240425:rw registry.salsa.debian.org/reproducible-builds/diffoscope --no-progress tmp/pve_cli-0.5.0.tar.gz tmp/pve_cli-0.5.1.tar.gz --markdown 20240425/p/pve-cli/0.5.0-0.5.1/README.md --exclude *.pyd
[2024-04-25 00:04:30] INFO root fetch - processPackages [limelightlib-python]: executing diffoscope
[2024-04-25 00:04:30] INFO root fetch - processPackages [limelightlib-python]: podman run --user 0:0 --rm -w /home/abi/fetcher -v /home/abi/fetcher/tmp:/home/abi/fetcher/tmp:ro -v /home/abi/fetcher/20240425:/home/abi/fetcher/20240425:rw registry.salsa.debian.org/reproducible-builds/diffoscope --no-progress tmp/limelightlib-python-0.9.1.tar.gz tmp/limelightlib_python-0.9.3.tar.gz --markdown 20240425/l/limelightlib-python/0.9.1-0.9.3/README.md --exclude *.pyd
[2024-04-25 00:04:30] INFO root fetch - processPackages [pve-cli]: Remove: archive file [/home/abi/fetcher/tmp/pve_cli-0.5.0.tar.gz]
[2024-04-25 00:04:30] INFO root fetch - processPackages [pve-cli]: Remove: archive file [/home/abi/fetcher/tmp/pve_cli-0.5.1.tar.gz]
[2024-04-25 00:04:30] INFO root fetch - main [MainThread]: End processing [pve-cli]: success
[2024-04-25 00:04:30] INFO root fetch - processPackages [prophet-tools]: Remove: archive file [/home/abi/fetcher/tmp/prophet_tools-0.91.tar.gz]
[2024-04-25 00:04:30] INFO root fetch - processPackages [prophet-tools]: Remove: archive file [/home/abi/fetcher/tmp/prophet_tools-0.92.tar.gz]
[2024-04-25 00:04:30] INFO root fetch - main [MainThread]: End processing [prophet-tools]: success
[2024-04-25 00:04:30] INFO root fetch - processPackages [limelightlib-python]: Remove: archive file [/home/abi/fetcher/tmp/limelightlib-python-0.9.1.tar.gz]
[2024-04-25 00:04:30] INFO root fetch - processPackages [limelightlib-python]: Remove: archive file [/home/abi/fetcher/tmp/limelightlib_python-0.9.3.tar.gz]
[2024-04-25 00:04:30] INFO root fetch - main [MainThread]: End processing [limelightlib-python]: success
[2024-04-25 00:04:30] INFO root fetch - processPackages [modgeosys-graph-algorithms]: Remove: archive file [/home/abi/fetcher/tmp/modgeosys_graph_algorithms-0.3.0.tar.gz]
[2024-04-25 00:04:30] INFO root fetch - processPackages [modgeosys-graph-algorithms]: Remove: archive file [/home/abi/fetcher/tmp/modgeosys_graph_algorithms-0.3.1.tar.gz]
[2024-04-25 00:04:30] INFO root fetch - main [MainThread]: End processing [modgeosys-graph-algorithms]: success
[2024-04-25 00:04:30] INFO root fetch - main [MainThread]: Store serial: [22920984]
[2024-04-25 00:06:34] INFO root fetch - main [MainThread]: Get Changelog since Serial: [22920984]
[2024-04-25 00:06:39] INFO root fetch - main [MainThread]: No changed packages found
[2024-04-25 00:08:39] INFO root fetch - main [MainThread]: Get Changelog since Serial: [22920984]
[2024-04-25 00:08:44] INFO root fetch - main [MainThread]: Found 5 changed packages
[2024-04-25 00:08:44] INFO root fetch - processPackages [ThreadPoolExecutor-0_0]: Start processing: keras-nlp
[2024-04-25 00:08:44] INFO root fetch - processPackages [ThreadPoolExecutor-0_1]: Start processing: wwd
[2024-04-25 00:08:44] INFO root fetch - processPackages [ThreadPoolExecutor-0_2]: Start processing: cam-utils
[2024-04-25 00:08:44] INFO root fetch - processPackages [ThreadPoolExecutor-0_3]: Start processing: exafs-neo
[2024-04-25 00:08:44] INFO root fetch - processPackages [ThreadPoolExecutor-0_4]: Start processing: aim-ui
[2024-04-25 00:08:44] INFO root fetch - processPackages [aim-ui]: New version: [4.1.0.dev20230930] Old Version: [4.1.0.dev20230929]
[2024-04-25 00:08:44] INFO root fetch - processPackages [exafs-neo]: New version: [2.0.5] Old Version: [2.0.4]
[2024-04-25 00:08:44] WARNING root fetch - processPackages [wwd]: Skipping, unable to determine old version
[2024-04-25 00:08:44] INFO root fetch - main [MainThread]: End processing [wwd] error
[2024-04-25 00:08:44] INFO root fetch - processPackages [keras-nlp]: New version: [0.9.3.dev0] Old Version: [0.9.3]
[2024-04-25 00:08:44] INFO root fetch - processPackages [cam-utils]: New version: [0.2.8] Old Version: [0.2.7]
[2024-04-25 00:08:44] INFO root fetch - processPackages [aim-ui]: Downloading https://files.pythonhosted.org/packages/2a/05/f8c2e155a815903b692d80c9a1647ba25d4a1f119791eaeb671026bcfa33/aim-ui-4.1.0.dev20230929.tar.gz
[2024-04-25 00:08:44] WARNING root fetch - processPackages [aim-ui]: Skipping package: exceeds size limit 19246573>=10485760
[2024-04-25 00:08:44] INFO root fetch - main [MainThread]: End processing [aim-ui] error
[2024-04-25 00:08:44] INFO root fetch - processPackages [exafs-neo]: Downloading https://files.pythonhosted.org/packages/c7/57/60e307ea159b4bc6ddf0f6fd9ca3a85cf602554aadf5c7d9ab0ab0b902f9/exafs_neo-2.0.4.tar.gz
[2024-04-25 00:08:44] INFO root fetch - processPackages [keras-nlp]: Downloading https://files.pythonhosted.org/packages/83/32/20a22225dd8137c13005edaf0bb6cdfdd488c90f8a7e510791538ce36506/keras-nlp-0.9.3.tar.gz
[2024-04-25 00:08:44] INFO root fetch - processPackages [cam-utils]: Downloading https://files.pythonhosted.org/packages/ab/6a/ac373ce6f35b93c92df0f9447cb6cea81b602d0c578d6b28e98887d8dfad/cam_utils-0.2.7.tar.gz
[2024-04-25 00:08:45] INFO root fetch - processPackages [cam-utils]: Downloading https://files.pythonhosted.org/packages/8f/60/90d025cc9f5f52a1897171838eb0fcad882f168bca7a5fb51fdd8f4ffb0c/cam_utils-0.2.8.tar.gz
[2024-04-25 00:08:45] INFO root fetch - processPackages [exafs-neo]: Downloading https://files.pythonhosted.org/packages/ea/47/733311f37bdbe557ff45974315e065541e5d0ac104b6fa07c75b88e81ae3/exafs_neo-2.0.5.tar.gz
[2024-04-25 00:08:45] INFO root fetch - processPackages [keras-nlp]: Downloading https://files.pythonhosted.org/packages/b4/b4/77a34d094447631579707e2238a11403eb3c35511fd6eb4c97563e4a8ff0/keras-nlp-0.9.3.dev0.tar.gz
[2024-04-25 00:08:45] INFO root fetch - processPackages [cam-utils]: executing diffoscope
[2024-04-25 00:08:45] INFO root fetch - processPackages [cam-utils]: podman run --user 0:0 --rm -w /home/abi/fetcher -v /home/abi/fetcher/tmp:/home/abi/fetcher/tmp:ro -v /home/abi/fetcher/20240425:/home/abi/fetcher/20240425:rw registry.salsa.debian.org/reproducible-builds/diffoscope --no-progress tmp/cam_utils-0.2.7.tar.gz tmp/cam_utils-0.2.8.tar.gz --markdown 20240425/c/cam-utils/0.2.7-0.2.8/README.md --exclude *.pyd
[2024-04-25 00:08:45] INFO root fetch - processPackages [exafs-neo]: executing diffoscope
[2024-04-25 00:08:45] INFO root fetch - processPackages [exafs-neo]: podman run --user 0:0 --rm -w /home/abi/fetcher -v /home/abi/fetcher/tmp:/home/abi/fetcher/tmp:ro -v /home/abi/fetcher/20240425:/home/abi/fetcher/20240425:rw registry.salsa.debian.org/reproducible-builds/diffoscope --no-progress tmp/exafs_neo-2.0.4.tar.gz tmp/exafs_neo-2.0.5.tar.gz --markdown 20240425/e/exafs-neo/2.0.4-2.0.5/README.md --exclude *.pyd
[2024-04-25 00:08:45] INFO root fetch - processPackages [keras-nlp]: executing diffoscope
[2024-04-25 00:08:45] INFO root fetch - processPackages [keras-nlp]: podman run --user 0:0 --rm -w /home/abi/fetcher -v /home/abi/fetcher/tmp:/home/abi/fetcher/tmp:ro -v /home/abi/fetcher/20240425:/home/abi/fetcher/20240425:rw registry.salsa.debian.org/reproducible-builds/diffoscope --no-progress tmp/keras-nlp-0.9.3.tar.gz tmp/keras-nlp-0.9.3.dev0.tar.gz --markdown 20240425/k/keras-nlp/0.9.3-0.9.3.dev0/README.md --exclude *.pyd
[2024-04-25 00:08:45] INFO root fetch - processPackages [cam-utils]: Remove: archive file [/home/abi/fetcher/tmp/cam_utils-0.2.7.tar.gz]
[2024-04-25 00:08:45] INFO root fetch - processPackages [cam-utils]: Remove: archive file [/home/abi/fetcher/tmp/cam_utils-0.2.8.tar.gz]
[2024-04-25 00:08:45] INFO root fetch - main [MainThread]: End processing [cam-utils]: success
[2024-04-25 00:08:46] INFO root fetch - processPackages [exafs-neo]: Remove: archive file [/home/abi/fetcher/tmp/exafs_neo-2.0.4.tar.gz]
[2024-04-25 00:08:46] INFO root fetch - processPackages [exafs-neo]: Remove: archive file [/home/abi/fetcher/tmp/exafs_neo-2.0.5.tar.gz]
[2024-04-25 00:08:46] INFO root fetch - main [MainThread]: End processing [exafs-neo]: success
[2024-04-25 00:08:46] INFO root fetch - processPackages [keras-nlp]: Remove: archive file [/home/abi/fetcher/tmp/keras-nlp-0.9.3.tar.gz]
[2024-04-25 00:08:46] INFO root fetch - processPackages [keras-nlp]: Remove: archive file [/home/abi/fetcher/tmp/keras-nlp-0.9.3.dev0.tar.gz]
[2024-04-25 00:08:46] INFO root fetch - main [MainThread]: End processing [keras-nlp]: success
[2024-04-25 00:08:46] INFO root fetch - main [MainThread]: Store serial: [22921003]
[2024-04-25 00:10:50] INFO root fetch - main [MainThread]: Get Changelog since Serial: [22921003]
[2024-04-25 00:10:54] INFO root fetch - main [MainThread]: Found 5 changed packages
[2024-04-25 00:10:54] INFO root fetch - processPackages [ThreadPoolExecutor-0_0]: Start processing: NNSOM
[2024-04-25 00:10:54] INFO root fetch - processPackages [ThreadPoolExecutor-0_1]: Start processing: aim
[2024-04-25 00:10:54] INFO root fetch - processPackages [ThreadPoolExecutor-0_2]: Start processing: ingestr
[2024-04-25 00:10:54] INFO root fetch - processPackages [ThreadPoolExecutor-0_3]: Start processing: async-selective-queue
[2024-04-25 00:10:54] INFO root fetch - processPackages [ThreadPoolExecutor-0_4]: Start processing: adls-acl
[2024-04-25 00:10:55] INFO root fetch - processPackages [NNSOM]: New version: [1.7.9] Old Version: [1.7.8]
[2024-04-25 00:10:55] INFO root fetch - processPackages [ingestr]: New version: [0.4.0] Old Version: [0.3.3]
[2024-04-25 00:10:55] INFO root fetch - processPackages [adls-acl]: New version: [0.0.6] Old Version: [0.0.5]
[2024-04-25 00:10:55] INFO root fetch - processPackages [async-selective-queue]: New version: [0.1.1] Old Version: [0.1.0.post0]
[2024-04-25 00:10:55] INFO root fetch - processPackages [NNSOM]: Downloading https://files.pythonhosted.org/packages/9c/f9/accdc80a1cf9aaf2a29e6f175f5b7c889a88d303fc9fb77e79b018717a37/nnsom-1.7.8.tar.gz
[2024-04-25 00:10:55] INFO root fetch - processPackages [aim]: New version: [4.0.3] Old Version: [4.0.2]
[2024-04-25 00:10:55] INFO root fetch - processPackages [ingestr]: Downloading https://files.pythonhosted.org/packages/d7/2b/5a7caeb8d54f8dfbb386f0331f5a23c7c925b7bfe209f1ef48e89d63ad62/ingestr-0.3.3.tar.gz
[2024-04-25 00:10:55] INFO root fetch - processPackages [async-selective-queue]: Downloading https://files.pythonhosted.org/packages/c7/dd/38bbeaa006a620b8c27b021c784ba352636b481b1adde2bd945bbd513de0/async-selective-queue-0.1.0.post0.tar.gz
[2024-04-25 00:10:55] INFO root fetch - processPackages [adls-acl]: Downloading https://files.pythonhosted.org/packages/59/89/f50b2f8be65d4933335c1ff87208047b8dd9ab08d0ea5bc8440dc35da648/adls_acl-0.0.5.tar.gz
[2024-04-25 00:10:55] INFO root fetch - processPackages [aim]: Downloading https://files.pythonhosted.org/packages/4a/00/f7e303a3bd0a6d75c08ccd60562a0c5f00fa9f4c16c945fbffa86d96ab7d/aim-4.0.2.tar.gz
[2024-04-25 00:10:55] INFO root fetch - processPackages [NNSOM]: Downloading https://files.pythonhosted.org/packages/be/0c/5801cb1476734129a9db000394aa5ec3afee51a81dc5acb9bbbfadd851f8/nnsom-1.7.9.tar.gz
[2024-04-25 00:10:55] INFO root fetch - processPackages [ingestr]: Downloading https://files.pythonhosted.org/packages/f4/a1/bc0cae7bc3c202927c4c2915f32222b329053f9315a2450eca35120a228c/ingestr-0.4.0.tar.gz
[2024-04-25 00:10:55] INFO root fetch - processPackages [NNSOM]: executing diffoscope
[2024-04-25 00:10:55] INFO root fetch - processPackages [NNSOM]: podman run --user 0:0 --rm -w /home/abi/fetcher -v /home/abi/fetcher/tmp:/home/abi/fetcher/tmp:ro -v /home/abi/fetcher/20240425:/home/abi/fetcher/20240425:rw registry.salsa.debian.org/reproducible-builds/diffoscope --no-progress tmp/nnsom-1.7.8.tar.gz tmp/nnsom-1.7.9.tar.gz --markdown 20240425/N/NNSOM/1.7.8-1.7.9/README.md --exclude *.pyd
[2024-04-25 00:10:55] INFO root fetch - processPackages [async-selective-queue]: Downloading https://files.pythonhosted.org/packages/4c/10/788008264bbae5e2a99cc33434f6fd40b64242d773ab5ff2562b48d783da/async_selective_queue-0.1.1.tar.gz
[2024-04-25 00:10:55] INFO root fetch - processPackages [ingestr]: executing diffoscope
[2024-04-25 00:10:55] INFO root fetch - processPackages [ingestr]: podman run --user 0:0 --rm -w /home/abi/fetcher -v /home/abi/fetcher/tmp:/home/abi/fetcher/tmp:ro -v /home/abi/fetcher/20240425:/home/abi/fetcher/20240425:rw registry.salsa.debian.org/reproducible-builds/diffoscope --no-progress tmp/ingestr-0.3.3.tar.gz tmp/ingestr-0.4.0.tar.gz --markdown 20240425/i/ingestr/0.3.3-0.4.0/README.md --exclude *.pyd
[2024-04-25 00:10:55] INFO root fetch - processPackages [adls-acl]: Downloading https://files.pythonhosted.org/packages/97/5f/01f355f7a84a8c916334f7d38974a264d527666b593223b621eab57f390f/adls_acl-0.0.6.tar.gz
[2024-04-25 00:10:55] INFO root fetch - processPackages [async-selective-queue]: executing diffoscope
[2024-04-25 00:10:55] INFO root fetch - processPackages [async-selective-queue]: podman run --user 0:0 --rm -w /home/abi/fetcher -v /home/abi/fetcher/tmp:/home/abi/fetcher/tmp:ro -v /home/abi/fetcher/20240425:/home/abi/fetcher/20240425:rw registry.salsa.debian.org/reproducible-builds/diffoscope --no-progress tmp/async-selective-queue-0.1.0.post0.tar.gz tmp/async_selective_queue-0.1.1.tar.gz --markdown 20240425/a/async-selective-queue/0.1.0.post0-0.1.1/README.md --exclude *.pyd
[2024-04-25 00:10:55] INFO root fetch - processPackages [aim]: Downloading https://files.pythonhosted.org/packages/50/12/a5a7bf25fd6105558d11afbd3f7500aa63283494e429296746c821354590/aim-4.0.3.tar.gz
[2024-04-25 00:10:56] INFO root fetch - processPackages [adls-acl]: executing diffoscope
[2024-04-25 00:10:56] INFO root fetch - processPackages [adls-acl]: podman run --user 0:0 --rm -w /home/abi/fetcher -v /home/abi/fetcher/tmp:/home/abi/fetcher/tmp:ro -v /home/abi/fetcher/20240425:/home/abi/fetcher/20240425:rw registry.salsa.debian.org/reproducible-builds/diffoscope --no-progress tmp/adls_acl-0.0.5.tar.gz tmp/adls_acl-0.0.6.tar.gz --markdown 20240425/a/adls-acl/0.0.5-0.0.6/README.md --exclude *.pyd
[2024-04-25 00:10:56] INFO root fetch - processPackages [NNSOM]: Remove: archive file [/home/abi/fetcher/tmp/nnsom-1.7.8.tar.gz]
[2024-04-25 00:10:56] INFO root fetch - processPackages [NNSOM]: Remove: archive file [/home/abi/fetcher/tmp/nnsom-1.7.9.tar.gz]
[2024-04-25 00:10:56] INFO root fetch - main [MainThread]: End processing [NNSOM]: success
[2024-04-25 00:10:56] INFO root fetch - processPackages [aim]: executing diffoscope
[2024-04-25 00:10:56] INFO root fetch - processPackages [aim]: podman run --user 0:0 --rm -w /home/abi/fetcher -v /home/abi/fetcher/tmp:/home/abi/fetcher/tmp:ro -v /home/abi/fetcher/20240425:/home/abi/fetcher/20240425:rw registry.salsa.debian.org/reproducible-builds/diffoscope --no-progress tmp/aim-4.0.2.tar.gz tmp/aim-4.0.3.tar.gz --markdown 20240425/a/aim/4.0.2-4.0.3/README.md --exclude *.pyd
[2024-04-25 00:10:56] INFO root fetch - processPackages [async-selective-queue]: Remove: archive file [/home/abi/fetcher/tmp/async-selective-queue-0.1.0.post0.tar.gz]
[2024-04-25 00:10:56] INFO root fetch - processPackages [async-selective-queue]: Remove: archive file [/home/abi/fetcher/tmp/async_selective_queue-0.1.1.tar.gz]
[2024-04-25 00:10:56] INFO root fetch - main [MainThread]: End processing [async-selective-queue]: success
[2024-04-25 00:10:56] INFO root fetch - processPackages [adls-acl]: Remove: archive file [/home/abi/fetcher/tmp/adls_acl-0.0.5.tar.gz]
[2024-04-25 00:10:56] INFO root fetch - processPackages [adls-acl]: Remove: archive file [/home/abi/fetcher/tmp/adls_acl-0.0.6.tar.gz]
[2024-04-25 00:10:56] INFO root fetch - main [MainThread]: End processing [adls-acl]: success
[2024-04-25 00:11:00] INFO root fetch - processPackages [ingestr]: Remove: archive file [/home/abi/fetcher/tmp/ingestr-0.3.3.tar.gz]
[2024-04-25 00:11:00] INFO root fetch - processPackages [ingestr]: Remove: archive file [/home/abi/fetcher/tmp/ingestr-0.4.0.tar.gz]
[2024-04-25 00:11:00] INFO root fetch - main [MainThread]: End processing [ingestr]: success
[2024-04-25 00:11:00] INFO root fetch - processPackages [aim]: Remove: archive file [/home/abi/fetcher/tmp/aim-4.0.2.tar.gz]
[2024-04-25 00:11:00] INFO root fetch - processPackages [aim]: Remove: archive file [/home/abi/fetcher/tmp/aim-4.0.3.tar.gz]
[2024-04-25 00:11:00] INFO root fetch - main [MainThread]: End processing [aim]: success
[2024-04-25 00:11:00] INFO root fetch - main [MainThread]: Store serial: [22921025]
[2024-04-25 00:13:05] INFO root fetch - main [MainThread]: Get Changelog since Serial: [22921025]
[2024-04-25 00:13:09] INFO root fetch - main [MainThread]: Found 2 changed packages
[2024-04-25 00:13:09] INFO root fetch - processPackages [ThreadPoolExecutor-0_0]: Start processing: datupapi
[2024-04-25 00:13:09] INFO root fetch - processPackages [ThreadPoolExecutor-0_1]: Start processing: aikicore
[2024-04-25 00:13:09] INFO root fetch - processPackages [aikicore]: New version: [1.0.0a2] Old Version: [1.0.0a1]
[2024-04-25 00:13:09] INFO root fetch - processPackages [datupapi]: New version: [1.93.0] Old Version: [1.92.4]
[2024-04-25 00:13:10] INFO root fetch - processPackages [datupapi]: Downloading https://files.pythonhosted.org/packages/87/f4/b610996e15e6771631e95c7341b2017897304511b20717cf5e315db39fc4/datupapi-1.92.4.tar.gz
[2024-04-25 00:13:10] INFO root fetch - processPackages [aikicore]: Downloading https://files.pythonhosted.org/packages/08/7f/dac2501cb2921c2a2ab12f03031574371c0ef4700d9a7cf11285f2463e0d/aikicore-1.0.0a1.tar.gz
[2024-04-25 00:13:10] INFO root fetch - processPackages [datupapi]: Downloading https://files.pythonhosted.org/packages/66/64/8d640fb50c79629978ce8fa0cd7b0739d685da757eaa6198e181c99f92bb/datupapi-1.93.0.tar.gz
[2024-04-25 00:13:10] INFO root fetch - processPackages [datupapi]: executing diffoscope
[2024-04-25 00:13:10] INFO root fetch - processPackages [datupapi]: podman run --user 0:0 --rm -w /home/abi/fetcher -v /home/abi/fetcher/tmp:/home/abi/fetcher/tmp:ro -v /home/abi/fetcher/20240425:/home/abi/fetcher/20240425:rw registry.salsa.debian.org/reproducible-builds/diffoscope --no-progress tmp/datupapi-1.92.4.tar.gz tmp/datupapi-1.93.0.tar.gz --markdown 20240425/d/datupapi/1.92.4-1.93.0/README.md --exclude *.pyd
[2024-04-25 00:13:10] INFO root fetch - processPackages [aikicore]: Downloading https://files.pythonhosted.org/packages/56/4f/53e9c309ca8878f4003f991cb664d54c30246a325a45a0f6ec25f85fec9f/aikicore-1.0.0a2.tar.gz
[2024-04-25 00:13:10] INFO root fetch - processPackages [aikicore]: executing diffoscope
[2024-04-25 00:13:10] INFO root fetch - processPackages [aikicore]: podman run --user 0:0 --rm -w /home/abi/fetcher -v /home/abi/fetcher/tmp:/home/abi/fetcher/tmp:ro -v /home/abi/fetcher/20240425:/home/abi/fetcher/20240425:rw registry.salsa.debian.org/reproducible-builds/diffoscope --no-progress tmp/aikicore-1.0.0a1.tar.gz tmp/aikicore-1.0.0a2.tar.gz --markdown 20240425/a/aikicore/1.0.0a1-1.0.0a2/README.md --exclude *.pyd
[2024-04-25 00:13:10] INFO root fetch - processPackages [aikicore]: Remove: archive file [/home/abi/fetcher/tmp/aikicore-1.0.0a1.tar.gz]
[2024-04-25 00:13:10] INFO root fetch - processPackages [aikicore]: Remove: archive file [/home/abi/fetcher/tmp/aikicore-1.0.0a2.tar.gz]
[2024-04-25 00:13:11] INFO root fetch - main [MainThread]: End processing [aikicore]: success
[2024-04-25 00:13:11] INFO root fetch - processPackages [datupapi]: Remove: archive file [/home/abi/fetcher/tmp/datupapi-1.92.4.tar.gz]
[2024-04-25 00:13:11] INFO root fetch - processPackages [datupapi]: Remove: archive file [/home/abi/fetcher/tmp/datupapi-1.93.0.tar.gz]
[2024-04-25 00:13:11] INFO root fetch - main [MainThread]: End processing [datupapi]: success
[2024-04-25 00:13:11] INFO root fetch - main [MainThread]: Store serial: [22921033]
[2024-04-25 00:15:14] INFO root fetch - main [MainThread]: Get Changelog since Serial: [22921033]
[2024-04-25 00:15:19] INFO root fetch - main [MainThread]: Found 7 changed packages
[2024-04-25 00:15:19] INFO root fetch - processPackages [ThreadPoolExecutor-0_0]: Start processing: ciou
[2024-04-25 00:15:19] INFO root fetch - processPackages [ThreadPoolExecutor-0_1]: Start processing: dhuodata-lib
[2024-04-25 00:15:19] INFO root fetch - processPackages [ThreadPoolExecutor-0_2]: Start processing: dreams-core
[2024-04-25 00:15:19] INFO root fetch - processPackages [ThreadPoolExecutor-0_3]: Start processing: aespm
[2024-04-25 00:15:19] INFO root fetch - processPackages [ThreadPoolExecutor-0_4]: Start processing: tkz
[2024-04-25 00:15:19] INFO root fetch - processPackages [ThreadPoolExecutor-0_5]: Start processing: ziptimezone
[2024-04-25 00:15:19] INFO root fetch - processPackages [ThreadPoolExecutor-0_6]: Start processing: cloudformation-cli-python-lib
[2024-04-25 00:15:19] WARNING root fetch - processPackages [dreams-core]: Skipping, unable to determine old version
[2024-04-25 00:15:19] INFO root fetch - main [MainThread]: End processing [dreams-core] error
[2024-04-25 00:15:19] INFO root fetch - processPackages [tkz]: New version: [1.0.4] Old Version: [1.0.3]
[2024-04-25 00:15:19] INFO root fetch - processPackages [dhuodata-lib]: New version: [0.0.9] Old Version: [0.0.8]
[2024-04-25 00:15:19] INFO root fetch - processPackages [tkz]: Downloading https://files.pythonhosted.org/packages/bd/7a/eb05c413c9f61d421d8acd421675c58e55f92c843271940160b9a6798db0/tkz-1.0.3.tar.gz
[2024-04-25 00:15:19] INFO root fetch - processPackages [ciou]: New version: [0.5.0] Old Version: [0.4.0]
[2024-04-25 00:15:19] INFO root fetch - processPackages [aespm]: New version: [1.0.5] Old Version: [1.0.4]
[2024-04-25 00:15:19] INFO root fetch - processPackages [ziptimezone]: New version: [1.0.3] Old Version: [1.0.2]
[2024-04-25 00:15:19] INFO root fetch - processPackages [cloudformation-cli-python-lib]: New version: [2.1.9] Old Version: [2.1.8]
[2024-04-25 00:15:19] INFO root fetch - processPackages [dhuodata-lib]: Downloading https://files.pythonhosted.org/packages/12/79/f64f95dc83ef90399259139b0e38111b927b7750ae7524780cd02732e678/dhuodata-lib-0.0.8.tar.gz
[2024-04-25 00:15:19] INFO root fetch - processPackages [tkz]: Downloading https://files.pythonhosted.org/packages/f6/00/5b5da86a661acf5566fd6df31d059483e0bfb4a2b0effc75405966bc216c/tkz-1.0.4.tar.gz
[2024-04-25 00:15:19] INFO root fetch - processPackages [aespm]: Downloading https://files.pythonhosted.org/packages/8f/5b/e924bea51a1889cd5a7ff91f90143a47c04f562a6a2c4784c52b3f35fd81/aespm-1.0.4.tar.gz
[2024-04-25 00:15:19] INFO root fetch - processPackages [ziptimezone]: Downloading https://files.pythonhosted.org/packages/3c/8f/95bba404da002ba46472c8e4bde8cd15adba9ccc04a5cd28342f2fe3ddf1/ziptimezone-1.0.2.tar.gz
[2024-04-25 00:15:20] INFO root fetch - processPackages [ciou]: Downloading https://files.pythonhosted.org/packages/fd/1d/bee232c8dcc71a656cb8d52932253b4edc76ce7b152e400b92cc6429a459/ciou-0.4.0.tar.gz
[2024-04-25 00:15:20] INFO root fetch - processPackages [cloudformation-cli-python-lib]: Downloading https://files.pythonhosted.org/packages/dc/33/ca34e18aeac09f33f6c10da4ff5f890023ea1f36f497a64908cecd8dc6d4/cloudformation-cli-python-lib-2.1.8.tar.gz
[2024-04-25 00:15:20] INFO root fetch - processPackages [tkz]: executing diffoscope
[2024-04-25 00:15:20] INFO root fetch - processPackages [tkz]: podman run --user 0:0 --rm -w /home/abi/fetcher -v /home/abi/fetcher/tmp:/home/abi/fetcher/tmp:ro -v /home/abi/fetcher/20240425:/home/abi/fetcher/20240425:rw registry.salsa.debian.org/reproducible-builds/diffoscope --no-progress tmp/tkz-1.0.3.tar.gz tmp/tkz-1.0.4.tar.gz --markdown 20240425/t/tkz/1.0.3-1.0.4/README.md --exclude *.pyd
[2024-04-25 00:15:20] INFO root fetch - processPackages [dhuodata-lib]: Downloading https://files.pythonhosted.org/packages/00/fd/ebe8e57a21069d23f61c67af2243eecf495030f2e3bff33963badae3c174/dhuodata-lib-0.0.9.zip
[2024-04-25 00:15:20] INFO root fetch - processPackages [dhuodata-lib]: executing diffoscope
[2024-04-25 00:15:20] INFO root fetch - processPackages [dhuodata-lib]: podman run --user 0:0 --rm -w /home/abi/fetcher -v /home/abi/fetcher/tmp:/home/abi/fetcher/tmp:ro -v /home/abi/fetcher/20240425:/home/abi/fetcher/20240425:rw registry.salsa.debian.org/reproducible-builds/diffoscope --no-progress tmp/dhuodata-lib-0.0.8.tar.gz tmp/dhuodata-lib-0.0.9.zip --markdown 20240425/d/dhuodata-lib/0.0.8-0.0.9/README.md --exclude *.pyd
[2024-04-25 00:15:20] INFO root fetch - processPackages [ziptimezone]: Downloading https://files.pythonhosted.org/packages/8f/85/1a2d8e79e7b0cf69608fa12a192c084ab2e88b47f7ff3cab9b07e6eca89b/ziptimezone-1.0.3.tar.gz
[2024-04-25 00:15:20] INFO root fetch - processPackages [aespm]: Downloading https://files.pythonhosted.org/packages/dd/00/313c12ee432f38847fba6220bf49ed23d65db190fa3869c97c7ab29b86e0/aespm-1.0.5.tar.gz
[2024-04-25 00:15:20] INFO root fetch - processPackages [ciou]: Downloading https://files.pythonhosted.org/packages/7a/f0/9b02d99a3032fb407d75ae82725205d2de949fc230549ef26299195e2965/ciou-0.5.0.tar.gz
[2024-04-25 00:15:20] INFO root fetch - processPackages [cloudformation-cli-python-lib]: Downloading https://files.pythonhosted.org/packages/4c/ab/dae2011949e6bf2553b64064ad7cd2f9ce022f640ce2cc46440d7e43d537/cloudformation-cli-python-lib-2.1.9.tar.gz
[2024-04-25 00:15:20] INFO root fetch - processPackages [ziptimezone]: executing diffoscope
[2024-04-25 00:15:20] INFO root fetch - processPackages [ziptimezone]: podman run --user 0:0 --rm -w /home/abi/fetcher -v /home/abi/fetcher/tmp:/home/abi/fetcher/tmp:ro -v /home/abi/fetcher/20240425:/home/abi/fetcher/20240425:rw registry.salsa.debian.org/reproducible-builds/diffoscope --no-progress tmp/ziptimezone-1.0.2.tar.gz tmp/ziptimezone-1.0.3.tar.gz --markdown 20240425/z/ziptimezone/1.0.2-1.0.3/README.md --exclude *.pyd
[2024-04-25 00:15:20] INFO root fetch - processPackages [ciou]: executing diffoscope
[2024-04-25 00:15:20] INFO root fetch - processPackages [ciou]: podman run --user 0:0 --rm -w /home/abi/fetcher -v /home/abi/fetcher/tmp:/home/abi/fetcher/tmp:ro -v /home/abi/fetcher/20240425:/home/abi/fetcher/20240425:rw registry.salsa.debian.org/reproducible-builds/diffoscope --no-progress tmp/ciou-0.4.0.tar.gz tmp/ciou-0.5.0.tar.gz --markdown 20240425/c/ciou/0.4.0-0.5.0/README.md --exclude *.pyd
[2024-04-25 00:15:20] INFO root fetch - processPackages [cloudformation-cli-python-lib]: executing diffoscope
[2024-04-25 00:15:20] INFO root fetch - processPackages [cloudformation-cli-python-lib]: podman run --user 0:0 --rm -w /home/abi/fetcher -v /home/abi/fetcher/tmp:/home/abi/fetcher/tmp:ro -v /home/abi/fetcher/20240425:/home/abi/fetcher/20240425:rw registry.salsa.debian.org/reproducible-builds/diffoscope --no-progress tmp/cloudformation-cli-python-lib-2.1.8.tar.gz tmp/cloudformation-cli-python-lib-2.1.9.tar.gz --markdown 20240425/c/cloudformation-cli-python-lib/2.1.8-2.1.9/README.md --exclude *.pyd
[2024-04-25 00:15:20] INFO root fetch - processPackages [aespm]: executing diffoscope
[2024-04-25 00:15:20] INFO root fetch - processPackages [aespm]: podman run --user 0:0 --rm -w /home/abi/fetcher -v /home/abi/fetcher/tmp:/home/abi/fetcher/tmp:ro -v /home/abi/fetcher/20240425:/home/abi/fetcher/20240425:rw registry.salsa.debian.org/reproducible-builds/diffoscope --no-progress tmp/aespm-1.0.4.tar.gz tmp/aespm-1.0.5.tar.gz --markdown 20240425/a/aespm/1.0.4-1.0.5/README.md --exclude *.pyd
[2024-04-25 00:15:20] INFO root fetch - processPackages [dhuodata-lib]: Remove: archive file [/home/abi/fetcher/tmp/dhuodata-lib-0.0.8.tar.gz]
[2024-04-25 00:15:20] INFO root fetch - processPackages [dhuodata-lib]: Remove: archive file [/home/abi/fetcher/tmp/dhuodata-lib-0.0.9.zip]
[2024-04-25 00:15:20] INFO root fetch - main [MainThread]: End processing [dhuodata-lib]: success
[2024-04-25 00:15:20] INFO root fetch - processPackages [tkz]: Remove: archive file [/home/abi/fetcher/tmp/tkz-1.0.3.tar.gz]
[2024-04-25 00:15:20] INFO root fetch - processPackages [tkz]: Remove: archive file [/home/abi/fetcher/tmp/tkz-1.0.4.tar.gz]
[2024-04-25 00:15:20] INFO root fetch - main [MainThread]: End processing [tkz]: success
[2024-04-25 00:15:21] INFO root fetch - processPackages [ziptimezone]: Remove: archive file [/home/abi/fetcher/tmp/ziptimezone-1.0.2.tar.gz]
[2024-04-25 00:15:21] INFO root fetch - processPackages [ziptimezone]: Remove: archive file [/home/abi/fetcher/tmp/ziptimezone-1.0.3.tar.gz]
[2024-04-25 00:15:21] INFO root fetch - main [MainThread]: End processing [ziptimezone]: success
[2024-04-25 00:15:21] INFO root fetch - processPackages [ciou]: Remove: archive file [/home/abi/fetcher/tmp/ciou-0.4.0.tar.gz]
[2024-04-25 00:15:21] INFO root fetch - processPackages [ciou]: Remove: archive file [/home/abi/fetcher/tmp/ciou-0.5.0.tar.gz]
[2024-04-25 00:15:21] INFO root fetch - main [MainThread]: End processing [ciou]: success
[2024-04-25 00:15:21] INFO root fetch - processPackages [aespm]: Remove: archive file [/home/abi/fetcher/tmp/aespm-1.0.4.tar.gz]
[2024-04-25 00:15:21] INFO root fetch - processPackages [aespm]: Remove: archive file [/home/abi/fetcher/tmp/aespm-1.0.5.tar.gz]
[2024-04-25 00:15:21] INFO root fetch - main [MainThread]: End processing [aespm]: success
[2024-04-25 00:15:21] INFO root fetch - processPackages [cloudformation-cli-python-lib]: Remove: archive file [/home/abi/fetcher/tmp/cloudformation-cli-python-lib-2.1.8.tar.gz]
[2024-04-25 00:15:21] INFO root fetch - processPackages [cloudformation-cli-python-lib]: Remove: archive file [/home/abi/fetcher/tmp/cloudformation-cli-python-lib-2.1.9.tar.gz]
[2024-04-25 00:15:21] INFO root fetch - main [MainThread]: End processing [cloudformation-cli-python-lib]: success
[2024-04-25 00:15:21] INFO root fetch - main [MainThread]: Store serial: [22921055]
